cl : コマンド ライン warning D9002: 不明なオプション '/Zc:twoPhase-' を無視します。
  DirectXTexUtil.cpp
cl : コマンド ライン warning D9002: 不明なオプション '/Zc:twoPhase-' を無視します。
  BC.cpp
  BC4BC5.cpp
  BC6HBC7.cpp
  BCDirectCompute.cpp
  DirectXTexCompress.cpp
  DirectXTexCompressGPU.cpp
  DirectXTexConvert.cpp
e:\擬似ローカル\新しいフォルダー\visual studio 2017\projects\directx11\directxtex-master\directxtex\directxtexconvert.cpp(737): warning C4819: ファイルは、現在のコード ページ (932) で表示できない文字を含んでいます。データの損失を防ぐために、ファイルを Unicode 形式で保存してください。
  DirectXTexD3D11.cpp
  DirectXTexDDS.cpp
  DirectXTexFlipRotate.cpp
  DirectXTexHDR.cpp
  DirectXTexImage.cpp
  DirectXTexMipMaps.cpp
  DirectXTexMisc.cpp
  DirectXTexNormalMaps.cpp
  DirectXTexPMAlpha.cpp
  DirectXTexResize.cpp
  DirectXTexTGA.cpp
  DirectXTexWIC.cpp
  コードを生成中...
  DirectXTex_Desktop_2017.vcxproj -> E:\擬似ローカル\新しいフォルダー\Visual Studio 2017\Projects\DirectX11\DirectXTex-master\DirectXTex\Bin\Desktop_2017\Win32\Debug\DirectXTex.lib
