e:\擬似ローカル\新しいフォルダー\visual studio 2017\projects\directx11\directxtex-master\directxtex\bin\desktop_2017\win32\debug\directxtex.pch
e:\擬似ローカル\新しいフォルダー\visual studio 2017\projects\directx11\directxtex-master\directxtex\bin\desktop_2017\win32\debug\directxtex.pdb
e:\擬似ローカル\新しいフォルダー\visual studio 2017\projects\directx11\directxtex-master\directxtex\bin\desktop_2017\win32\debug\directxtex.idb
e:\擬似ローカル\新しいフォルダー\visual studio 2017\projects\directx11\directxtex-master\directxtex\bin\desktop_2017\win32\debug\directxtexutil.obj
e:\擬似ローカル\新しいフォルダー\visual studio 2017\projects\directx11\directxtex-master\directxtex\bin\desktop_2017\win32\debug\directxtexwic.obj
e:\擬似ローカル\新しいフォルダー\visual studio 2017\projects\directx11\directxtex-master\directxtex\bin\desktop_2017\win32\debug\directxtextga.obj
e:\擬似ローカル\新しいフォルダー\visual studio 2017\projects\directx11\directxtex-master\directxtex\bin\desktop_2017\win32\debug\directxtexresize.obj
e:\擬似ローカル\新しいフォルダー\visual studio 2017\projects\directx11\directxtex-master\directxtex\bin\desktop_2017\win32\debug\directxtexpmalpha.obj
e:\擬似ローカル\新しいフォルダー\visual studio 2017\projects\directx11\directxtex-master\directxtex\bin\desktop_2017\win32\debug\directxtexnormalmaps.obj
e:\擬似ローカル\新しいフォルダー\visual studio 2017\projects\directx11\directxtex-master\directxtex\bin\desktop_2017\win32\debug\directxtexmisc.obj
e:\擬似ローカル\新しいフォルダー\visual studio 2017\projects\directx11\directxtex-master\directxtex\bin\desktop_2017\win32\debug\directxtexmipmaps.obj
e:\擬似ローカル\新しいフォルダー\visual studio 2017\projects\directx11\directxtex-master\directxtex\bin\desktop_2017\win32\debug\directxteximage.obj
e:\擬似ローカル\新しいフォルダー\visual studio 2017\projects\directx11\directxtex-master\directxtex\bin\desktop_2017\win32\debug\directxtexhdr.obj
e:\擬似ローカル\新しいフォルダー\visual studio 2017\projects\directx11\directxtex-master\directxtex\bin\desktop_2017\win32\debug\directxtexfliprotate.obj
e:\擬似ローカル\新しいフォルダー\visual studio 2017\projects\directx11\directxtex-master\directxtex\bin\desktop_2017\win32\debug\directxtexdds.obj
e:\擬似ローカル\新しいフォルダー\visual studio 2017\projects\directx11\directxtex-master\directxtex\bin\desktop_2017\win32\debug\directxtexd3d11.obj
e:\擬似ローカル\新しいフォルダー\visual studio 2017\projects\directx11\directxtex-master\directxtex\bin\desktop_2017\win32\debug\directxtexconvert.obj
e:\擬似ローカル\新しいフォルダー\visual studio 2017\projects\directx11\directxtex-master\directxtex\bin\desktop_2017\win32\debug\directxtexcompressgpu.obj
e:\擬似ローカル\新しいフォルダー\visual studio 2017\projects\directx11\directxtex-master\directxtex\bin\desktop_2017\win32\debug\directxtexcompress.obj
e:\擬似ローカル\新しいフォルダー\visual studio 2017\projects\directx11\directxtex-master\directxtex\bin\desktop_2017\win32\debug\bcdirectcompute.obj
e:\擬似ローカル\新しいフォルダー\visual studio 2017\projects\directx11\directxtex-master\directxtex\bin\desktop_2017\win32\debug\bc6hbc7.obj
e:\擬似ローカル\新しいフォルダー\visual studio 2017\projects\directx11\directxtex-master\directxtex\bin\desktop_2017\win32\debug\bc4bc5.obj
e:\擬似ローカル\新しいフォルダー\visual studio 2017\projects\directx11\directxtex-master\directxtex\bin\desktop_2017\win32\debug\bc.obj
e:\擬似ローカル\新しいフォルダー\visual studio 2017\projects\directx11\directxtex-master\directxtex\bin\desktop_2017\win32\debug\directxtex.lib
e:\擬似ローカル\新しいフォルダー\visual studio 2017\projects\directx11\directxtex-master\directxtex\bin\desktop_2017\win32\debug\directxtex.tlog\cl.command.1.tlog
e:\擬似ローカル\新しいフォルダー\visual studio 2017\projects\directx11\directxtex-master\directxtex\bin\desktop_2017\win32\debug\directxtex.tlog\cl.read.1.tlog
e:\擬似ローカル\新しいフォルダー\visual studio 2017\projects\directx11\directxtex-master\directxtex\bin\desktop_2017\win32\debug\directxtex.tlog\cl.write.1.tlog
e:\擬似ローカル\新しいフォルダー\visual studio 2017\projects\directx11\directxtex-master\directxtex\bin\desktop_2017\win32\debug\directxtex.tlog\lib-link.read.1.tlog
e:\擬似ローカル\新しいフォルダー\visual studio 2017\projects\directx11\directxtex-master\directxtex\bin\desktop_2017\win32\debug\directxtex.tlog\lib-link.write.1.tlog
e:\擬似ローカル\新しいフォルダー\visual studio 2017\projects\directx11\directxtex-master\directxtex\bin\desktop_2017\win32\debug\directxtex.tlog\lib.command.1.tlog
